<?xml version="1.0" encoding="UTF-8"?>
<testng-results skipped="0" failed="0" ignored="0" total="1" passed="1">
  <reporter-output>
  </reporter-output>
  <suite name="Default suite" duration-ms="37036" started-at="2021-04-11T23:13:48Z" finished-at="2021-04-11T23:14:25Z">
    <groups>
    </groups>
    <test name="Default test" duration-ms="37036" started-at="2021-04-11T23:13:48Z" finished-at="2021-04-11T23:14:25Z">
      <class name="com.vtiger.tc.CreateOrganization">
        <test-method status="PASS" signature="CreateOrg()[pri:0, instance:com.vtiger.tc.CreateOrganization@224edc67]" name="CreateOrg" duration-ms="36978" started-at="2021-04-12T04:43:48Z" finished-at="2021-04-12T04:44:25Z">
          <reporter-output>
          </reporter-output>
        </test-method> <!-- CreateOrg -->
      </class> <!-- com.vtiger.tc.CreateOrganization -->
    </test> <!-- Default test -->
  </suite> <!-- Default suite -->
</testng-results>
